<?xml version="1.0" encoding="UTF-8"?>
<testsuite xmlns:xsi="http://www.w3.org/2001/XMLSchema-instance" xsi:noNamespaceSchemaLocation="https://maven.apache.org/surefire/maven-surefire-plugin/xsd/surefire-test-report.xsd" name="com.hiberusuniversity.openCart.runner.CucumberRunnerTest" time="168.828" tests="16" errors="3" skipped="0" failures="0">
  <properties>
    <property name="sun.desktop" value="windows"/>
    <property name="awt.toolkit" value="sun.awt.windows.WToolkit"/>
    <property name="file.encoding.pkg" value="sun.io"/>
    <property name="java.specification.version" value="1.8"/>
    <property name="sun.cpu.isalist" value="pentium_pro+mmx pentium_pro pentium+mmx pentium i486 i386 i86"/>
    <property name="sun.jnu.encoding" value="Cp1252"/>
    <property name="java.class.path" value="C:\Opencart\target\test-classes;C:\Opencart\target\classes;C:\Users\pue\.m2\repository\net\masterthought\cucumber-reporting\5.3.0\cucumber-reporting-5.3.0.jar;C:\Users\pue\.m2\repository\com\fasterxml\jackson\core\jackson-databind\2.10.1\jackson-databind-2.10.1.jar;C:\Users\pue\.m2\repository\com\fasterxml\jackson\core\jackson-annotations\2.10.1\jackson-annotations-2.10.1.jar;C:\Users\pue\.m2\repository\com\fasterxml\jackson\core\jackson-core\2.10.1\jackson-core-2.10.1.jar;C:\Users\pue\.m2\repository\com\fasterxml\jackson\datatype\jackson-datatype-jsr310\2.10.1\jackson-datatype-jsr310-2.10.1.jar;C:\Users\pue\.m2\repository\org\apache\velocity\velocity-engine-core\2.1\velocity-engine-core-2.1.jar;C:\Users\pue\.m2\repository\commons-collections\commons-collections\3.2.2\commons-collections-3.2.2.jar;C:\Users\pue\.m2\repository\joda-time\joda-time\2.10.5\joda-time-2.10.5.jar;C:\Users\pue\.m2\repository\org\apache\commons\commons-lang3\3.9\commons-lang3-3.9.jar;C:\Users\pue\.m2\repository\commons-io\commons-io\2.6\commons-io-2.6.jar;C:\Users\pue\.m2\repository\org\codehaus\plexus\plexus-utils\3.3.0\plexus-utils-3.3.0.jar;C:\Users\pue\.m2\repository\org\jsoup\jsoup\1.12.1\jsoup-1.12.1.jar;C:\Users\pue\.m2\repository\com\googlecode\owasp-java-html-sanitizer\owasp-java-html-sanitizer\20191001.1\owasp-java-html-sanitizer-20191001.1.jar;C:\Users\pue\.m2\repository\commons-configuration\commons-configuration\1.10\commons-configuration-1.10.jar;C:\Users\pue\.m2\repository\commons-lang\commons-lang\2.6\commons-lang-2.6.jar;C:\Users\pue\.m2\repository\commons-logging\commons-logging\1.1.1\commons-logging-1.1.1.jar;C:\Users\pue\.m2\repository\io\cucumber\cucumber-java\7.3.4\cucumber-java-7.3.4.jar;C:\Users\pue\.m2\repository\org\apiguardian\apiguardian-api\1.1.2\apiguardian-api-1.1.2.jar;C:\Users\pue\.m2\repository\io\cucumber\cucumber-junit\7.3.4\cucumber-junit-7.3.4.jar;C:\Users\pue\.m2\repository\io\cucumber\cucumber-core\7.3.4\cucumber-core-7.3.4.jar;C:\Users\pue\.m2\repository\io\cucumber\cucumber-gherkin\7.3.4\cucumber-gherkin-7.3.4.jar;C:\Users\pue\.m2\repository\io\cucumber\cucumber-gherkin-messages\7.3.4\cucumber-gherkin-messages-7.3.4.jar;C:\Users\pue\.m2\repository\io\cucumber\gherkin\23.0.1\gherkin-23.0.1.jar;C:\Users\pue\.m2\repository\io\cucumber\messages\18.0.0\messages-18.0.0.jar;C:\Users\pue\.m2\repository\io\cucumber\tag-expressions\4.1.0\tag-expressions-4.1.0.jar;C:\Users\pue\.m2\repository\io\cucumber\cucumber-expressions\15.1.1\cucumber-expressions-15.1.1.jar;C:\Users\pue\.m2\repository\io\cucumber\datatable\7.3.4\datatable-7.3.4.jar;C:\Users\pue\.m2\repository\io\cucumber\cucumber-plugin\7.3.4\cucumber-plugin-7.3.4.jar;C:\Users\pue\.m2\repository\io\cucumber\docstring\7.3.4\docstring-7.3.4.jar;C:\Users\pue\.m2\repository\io\cucumber\html-formatter\19.1.0\html-formatter-19.1.0.jar;C:\Users\pue\.m2\repository\io\cucumber\ci-environment\9.0.4\ci-environment-9.0.4.jar;C:\Users\pue\.m2\repository\org\seleniumhq\selenium\selenium-java\3.141.59\selenium-java-3.141.59.jar;C:\Users\pue\.m2\repository\org\seleniumhq\selenium\selenium-chrome-driver\3.141.59\selenium-chrome-driver-3.141.59.jar;C:\Users\pue\.m2\repository\org\seleniumhq\selenium\selenium-edge-driver\3.141.59\selenium-edge-driver-3.141.59.jar;C:\Users\pue\.m2\repository\org\seleniumhq\selenium\selenium-firefox-driver\3.141.59\selenium-firefox-driver-3.141.59.jar;C:\Users\pue\.m2\repository\org\seleniumhq\selenium\selenium-ie-driver\3.141.59\selenium-ie-driver-3.141.59.jar;C:\Users\pue\.m2\repository\org\seleniumhq\selenium\selenium-opera-driver\3.141.59\selenium-opera-driver-3.141.59.jar;C:\Users\pue\.m2\repository\org\seleniumhq\selenium\selenium-safari-driver\3.141.59\selenium-safari-driver-3.141.59.jar;C:\Users\pue\.m2\repository\net\bytebuddy\byte-buddy\1.8.15\byte-buddy-1.8.15.jar;C:\Users\pue\.m2\repository\org\seleniumhq\selenium\selenium-remote-driver\3.141.59\selenium-remote-driver-3.141.59.jar;C:\Users\pue\.m2\repository\org\seleniumhq\selenium\selenium-api\3.141.59\selenium-api-3.141.59.jar;C:\Users\pue\.m2\repository\org\seleniumhq\selenium\selenium-support\3.141.59\selenium-support-3.141.59.jar;C:\Users\pue\.m2\repository\io\github\bonigarcia\webdrivermanager\5.0.3\webdrivermanager-5.0.3.jar;C:\Users\pue\.m2\repository\com\google\code\gson\gson\2.8.8\gson-2.8.8.jar;C:\Users\pue\.m2\repository\com\github\docker-java\docker-java\3.2.12\docker-java-3.2.12.jar;C:\Users\pue\.m2\repository\com\github\docker-java\docker-java-core\3.2.12\docker-java-core-3.2.12.jar;C:\Users\pue\.m2\repository\com\github\docker-java\docker-java-api\3.2.12\docker-java-api-3.2.12.jar;C:\Users\pue\.m2\repository\org\apache\commons\commons-compress\1.21\commons-compress-1.21.jar;C:\Users\pue\.m2\repository\org\bouncycastle\bcpkix-jdk15on\1.64\bcpkix-jdk15on-1.64.jar;C:\Users\pue\.m2\repository\org\bouncycastle\bcprov-jdk15on\1.64\bcprov-jdk15on-1.64.jar;C:\Users\pue\.m2\repository\org\slf4j\jcl-over-slf4j\1.7.30\jcl-over-slf4j-1.7.30.jar;C:\Users\pue\.m2\repository\com\github\docker-java\docker-java-transport-httpclient5\3.2.12\docker-java-transport-httpclient5-3.2.12.jar;C:\Users\pue\.m2\repository\com\github\docker-java\docker-java-transport\3.2.12\docker-java-transport-3.2.12.jar;C:\Users\pue\.m2\repository\org\apache\httpcomponents\client5\httpclient5\5.0.3\httpclient5-5.0.3.jar;C:\Users\pue\.m2\repository\org\apache\httpcomponents\core5\httpcore5\5.0.2\httpcore5-5.0.2.jar;C:\Users\pue\.m2\repository\commons-codec\commons-codec\1.13\commons-codec-1.13.jar;C:\Users\pue\.m2\repository\net\java\dev\jna\jna\5.8.0\jna-5.8.0.jar;C:\Users\pue\.m2\repository\org\brotli\dec\0.1.2\dec-0.1.2.jar;C:\Users\pue\.m2\repository\com\google\guava\guava\25.0-jre\guava-25.0-jre.jar;C:\Users\pue\.m2\repository\com\google\code\findbugs\jsr305\1.3.9\jsr305-1.3.9.jar;C:\Users\pue\.m2\repository\org\checkerframework\checker-compat-qual\2.0.0\checker-compat-qual-2.0.0.jar;C:\Users\pue\.m2\repository\com\google\errorprone\error_prone_annotations\2.1.3\error_prone_annotations-2.1.3.jar;C:\Users\pue\.m2\repository\com\google\j2objc\j2objc-annotations\1.1\j2objc-annotations-1.1.jar;C:\Users\pue\.m2\repository\org\codehaus\mojo\animal-sniffer-annotations\1.14\animal-sniffer-annotations-1.14.jar;C:\Users\pue\.m2\repository\com\squareup\okhttp3\okhttp\3.11.0\okhttp-3.11.0.jar;C:\Users\pue\.m2\repository\com\squareup\okio\okio\1.14.0\okio-1.14.0.jar;C:\Users\pue\.m2\repository\org\apache\commons\commons-exec\1.3\commons-exec-1.3.jar;C:\Users\pue\.m2\repository\junit\junit\4.13.2\junit-4.13.2.jar;C:\Users\pue\.m2\repository\org\hamcrest\hamcrest-core\1.3\hamcrest-core-1.3.jar;C:\Users\pue\.m2\repository\org\hamcrest\hamcrest-library\1.3\hamcrest-library-1.3.jar;C:\Users\pue\.m2\repository\org\slf4j\slf4j-api\1.7.36\slf4j-api-1.7.36.jar;C:\Users\pue\.m2\repository\org\slf4j\slf4j-simple\1.7.36\slf4j-simple-1.7.36.jar;C:\Users\pue\.m2\repository\org\projectlombok\lombok\1.18.24\lombok-1.18.24.jar;"/>
    <property name="java.vm.vendor" value="Oracle Corporation"/>
    <property name="sun.arch.data.model" value="32"/>
    <property name="user.variant" value=""/>
    <property name="java.vendor.url" value="http://java.oracle.com/"/>
    <property name="user.timezone" value="Europe/Paris"/>
    <property name="java.vm.specification.version" value="1.8"/>
    <property name="os.name" value="Windows 10"/>
    <property name="user.country" value="ES"/>
    <property name="sun.java.launcher" value="SUN_STANDARD"/>
    <property name="sun.boot.library.path" value="C:\Program Files (x86)\Java\jdk1.8.0_321\jre\bin"/>
    <property name="sun.java.command" value="C:\Users\pue\AppData\Local\Temp\surefire7672400222438617453\surefirebooter3928054743110069583.jar C:\Users\pue\AppData\Local\Temp\surefire7672400222438617453 2022-06-08T19-40-28_524-jvmRun1 surefire5078292000331536441tmp surefire_02891717792037822275tmp"/>
    <property name="surefire.test.class.path" value="C:\Opencart\target\test-classes;C:\Opencart\target\classes;C:\Users\pue\.m2\repository\net\masterthought\cucumber-reporting\5.3.0\cucumber-reporting-5.3.0.jar;C:\Users\pue\.m2\repository\com\fasterxml\jackson\core\jackson-databind\2.10.1\jackson-databind-2.10.1.jar;C:\Users\pue\.m2\repository\com\fasterxml\jackson\core\jackson-annotations\2.10.1\jackson-annotations-2.10.1.jar;C:\Users\pue\.m2\repository\com\fasterxml\jackson\core\jackson-core\2.10.1\jackson-core-2.10.1.jar;C:\Users\pue\.m2\repository\com\fasterxml\jackson\datatype\jackson-datatype-jsr310\2.10.1\jackson-datatype-jsr310-2.10.1.jar;C:\Users\pue\.m2\repository\org\apache\velocity\velocity-engine-core\2.1\velocity-engine-core-2.1.jar;C:\Users\pue\.m2\repository\commons-collections\commons-collections\3.2.2\commons-collections-3.2.2.jar;C:\Users\pue\.m2\repository\joda-time\joda-time\2.10.5\joda-time-2.10.5.jar;C:\Users\pue\.m2\repository\org\apache\commons\commons-lang3\3.9\commons-lang3-3.9.jar;C:\Users\pue\.m2\repository\commons-io\commons-io\2.6\commons-io-2.6.jar;C:\Users\pue\.m2\repository\org\codehaus\plexus\plexus-utils\3.3.0\plexus-utils-3.3.0.jar;C:\Users\pue\.m2\repository\org\jsoup\jsoup\1.12.1\jsoup-1.12.1.jar;C:\Users\pue\.m2\repository\com\googlecode\owasp-java-html-sanitizer\owasp-java-html-sanitizer\20191001.1\owasp-java-html-sanitizer-20191001.1.jar;C:\Users\pue\.m2\repository\commons-configuration\commons-configuration\1.10\commons-configuration-1.10.jar;C:\Users\pue\.m2\repository\commons-lang\commons-lang\2.6\commons-lang-2.6.jar;C:\Users\pue\.m2\repository\commons-logging\commons-logging\1.1.1\commons-logging-1.1.1.jar;C:\Users\pue\.m2\repository\io\cucumber\cucumber-java\7.3.4\cucumber-java-7.3.4.jar;C:\Users\pue\.m2\repository\org\apiguardian\apiguardian-api\1.1.2\apiguardian-api-1.1.2.jar;C:\Users\pue\.m2\repository\io\cucumber\cucumber-junit\7.3.4\cucumber-junit-7.3.4.jar;C:\Users\pue\.m2\repository\io\cucumber\cucumber-core\7.3.4\cucumber-core-7.3.4.jar;C:\Users\pue\.m2\repository\io\cucumber\cucumber-gherkin\7.3.4\cucumber-gherkin-7.3.4.jar;C:\Users\pue\.m2\repository\io\cucumber\cucumber-gherkin-messages\7.3.4\cucumber-gherkin-messages-7.3.4.jar;C:\Users\pue\.m2\repository\io\cucumber\gherkin\23.0.1\gherkin-23.0.1.jar;C:\Users\pue\.m2\repository\io\cucumber\messages\18.0.0\messages-18.0.0.jar;C:\Users\pue\.m2\repository\io\cucumber\tag-expressions\4.1.0\tag-expressions-4.1.0.jar;C:\Users\pue\.m2\repository\io\cucumber\cucumber-expressions\15.1.1\cucumber-expressions-15.1.1.jar;C:\Users\pue\.m2\repository\io\cucumber\datatable\7.3.4\datatable-7.3.4.jar;C:\Users\pue\.m2\repository\io\cucumber\cucumber-plugin\7.3.4\cucumber-plugin-7.3.4.jar;C:\Users\pue\.m2\repository\io\cucumber\docstring\7.3.4\docstring-7.3.4.jar;C:\Users\pue\.m2\repository\io\cucumber\html-formatter\19.1.0\html-formatter-19.1.0.jar;C:\Users\pue\.m2\repository\io\cucumber\ci-environment\9.0.4\ci-environment-9.0.4.jar;C:\Users\pue\.m2\repository\org\seleniumhq\selenium\selenium-java\3.141.59\selenium-java-3.141.59.jar;C:\Users\pue\.m2\repository\org\seleniumhq\selenium\selenium-chrome-driver\3.141.59\selenium-chrome-driver-3.141.59.jar;C:\Users\pue\.m2\repository\org\seleniumhq\selenium\selenium-edge-driver\3.141.59\selenium-edge-driver-3.141.59.jar;C:\Users\pue\.m2\repository\org\seleniumhq\selenium\selenium-firefox-driver\3.141.59\selenium-firefox-driver-3.141.59.jar;C:\Users\pue\.m2\repository\org\seleniumhq\selenium\selenium-ie-driver\3.141.59\selenium-ie-driver-3.141.59.jar;C:\Users\pue\.m2\repository\org\seleniumhq\selenium\selenium-opera-driver\3.141.59\selenium-opera-driver-3.141.59.jar;C:\Users\pue\.m2\repository\org\seleniumhq\selenium\selenium-safari-driver\3.141.59\selenium-safari-driver-3.141.59.jar;C:\Users\pue\.m2\repository\net\bytebuddy\byte-buddy\1.8.15\byte-buddy-1.8.15.jar;C:\Users\pue\.m2\repository\org\seleniumhq\selenium\selenium-remote-driver\3.141.59\selenium-remote-driver-3.141.59.jar;C:\Users\pue\.m2\repository\org\seleniumhq\selenium\selenium-api\3.141.59\selenium-api-3.141.59.jar;C:\Users\pue\.m2\repository\org\seleniumhq\selenium\selenium-support\3.141.59\selenium-support-3.141.59.jar;C:\Users\pue\.m2\repository\io\github\bonigarcia\webdrivermanager\5.0.3\webdrivermanager-5.0.3.jar;C:\Users\pue\.m2\repository\com\google\code\gson\gson\2.8.8\gson-2.8.8.jar;C:\Users\pue\.m2\repository\com\github\docker-java\docker-java\3.2.12\docker-java-3.2.12.jar;C:\Users\pue\.m2\repository\com\github\docker-java\docker-java-core\3.2.12\docker-java-core-3.2.12.jar;C:\Users\pue\.m2\repository\com\github\docker-java\docker-java-api\3.2.12\docker-java-api-3.2.12.jar;C:\Users\pue\.m2\repository\org\apache\commons\commons-compress\1.21\commons-compress-1.21.jar;C:\Users\pue\.m2\repository\org\bouncycastle\bcpkix-jdk15on\1.64\bcpkix-jdk15on-1.64.jar;C:\Users\pue\.m2\repository\org\bouncycastle\bcprov-jdk15on\1.64\bcprov-jdk15on-1.64.jar;C:\Users\pue\.m2\repository\org\slf4j\jcl-over-slf4j\1.7.30\jcl-over-slf4j-1.7.30.jar;C:\Users\pue\.m2\repository\com\github\docker-java\docker-java-transport-httpclient5\3.2.12\docker-java-transport-httpclient5-3.2.12.jar;C:\Users\pue\.m2\repository\com\github\docker-java\docker-java-transport\3.2.12\docker-java-transport-3.2.12.jar;C:\Users\pue\.m2\repository\org\apache\httpcomponents\client5\httpclient5\5.0.3\httpclient5-5.0.3.jar;C:\Users\pue\.m2\repository\org\apache\httpcomponents\core5\httpcore5\5.0.2\httpcore5-5.0.2.jar;C:\Users\pue\.m2\repository\commons-codec\commons-codec\1.13\commons-codec-1.13.jar;C:\Users\pue\.m2\repository\net\java\dev\jna\jna\5.8.0\jna-5.8.0.jar;C:\Users\pue\.m2\repository\org\brotli\dec\0.1.2\dec-0.1.2.jar;C:\Users\pue\.m2\repository\com\google\guava\guava\25.0-jre\guava-25.0-jre.jar;C:\Users\pue\.m2\repository\com\google\code\findbugs\jsr305\1.3.9\jsr305-1.3.9.jar;C:\Users\pue\.m2\repository\org\checkerframework\checker-compat-qual\2.0.0\checker-compat-qual-2.0.0.jar;C:\Users\pue\.m2\repository\com\google\errorprone\error_prone_annotations\2.1.3\error_prone_annotations-2.1.3.jar;C:\Users\pue\.m2\repository\com\google\j2objc\j2objc-annotations\1.1\j2objc-annotations-1.1.jar;C:\Users\pue\.m2\repository\org\codehaus\mojo\animal-sniffer-annotations\1.14\animal-sniffer-annotations-1.14.jar;C:\Users\pue\.m2\repository\com\squareup\okhttp3\okhttp\3.11.0\okhttp-3.11.0.jar;C:\Users\pue\.m2\repository\com\squareup\okio\okio\1.14.0\okio-1.14.0.jar;C:\Users\pue\.m2\repository\org\apache\commons\commons-exec\1.3\commons-exec-1.3.jar;C:\Users\pue\.m2\repository\junit\junit\4.13.2\junit-4.13.2.jar;C:\Users\pue\.m2\repository\org\hamcrest\hamcrest-core\1.3\hamcrest-core-1.3.jar;C:\Users\pue\.m2\repository\org\hamcrest\hamcrest-library\1.3\hamcrest-library-1.3.jar;C:\Users\pue\.m2\repository\org\slf4j\slf4j-api\1.7.36\slf4j-api-1.7.36.jar;C:\Users\pue\.m2\repository\org\slf4j\slf4j-simple\1.7.36\slf4j-simple-1.7.36.jar;C:\Users\pue\.m2\repository\org\projectlombok\lombok\1.18.24\lombok-1.18.24.jar;"/>
    <property name="sun.cpu.endian" value="little"/>
    <property name="user.home" value="C:\Users\pue"/>
    <property name="user.language" value="es"/>
    <property name="java.specification.vendor" value="Oracle Corporation"/>
    <property name="java.home" value="C:\Program Files (x86)\Java\jdk1.8.0_321\jre"/>
    <property name="basedir" value="C:\Opencart"/>
    <property name="file.separator" value="\"/>
    <property name="line.separator" value="&#10;"/>
    <property name="java.vm.specification.vendor" value="Oracle Corporation"/>
    <property name="java.specification.name" value="Java Platform API Specification"/>
    <property name="java.awt.graphicsenv" value="sun.awt.Win32GraphicsEnvironment"/>
    <property name="surefire.real.class.path" value="C:\Users\pue\AppData\Local\Temp\surefire7672400222438617453\surefirebooter3928054743110069583.jar"/>
    <property name="sun.boot.class.path" value="C:\Program Files (x86)\Java\jdk1.8.0_321\jre\lib\resources.jar;C:\Program Files (x86)\Java\jdk1.8.0_321\jre\lib\rt.jar;C:\Program Files (x86)\Java\jdk1.8.0_321\jre\lib\sunrsasign.jar;C:\Program Files (x86)\Java\jdk1.8.0_321\jre\lib\jsse.jar;C:\Program Files (x86)\Java\jdk1.8.0_321\jre\lib\jce.jar;C:\Program Files (x86)\Java\jdk1.8.0_321\jre\lib\charsets.jar;C:\Program Files (x86)\Java\jdk1.8.0_321\jre\lib\jfr.jar;C:\Program Files (x86)\Java\jdk1.8.0_321\jre\classes"/>
    <property name="user.script" value=""/>
    <property name="sun.management.compiler" value="HotSpot Client Compiler"/>
    <property name="java.runtime.version" value="1.8.0_321-b07"/>
    <property name="user.name" value="pue"/>
    <property name="path.separator" value=";"/>
    <property name="os.version" value="10.0"/>
    <property name="java.endorsed.dirs" value="C:\Program Files (x86)\Java\jdk1.8.0_321\jre\lib\endorsed"/>
    <property name="java.runtime.name" value="Java(TM) SE Runtime Environment"/>
    <property name="file.encoding" value="Cp1252"/>
    <property name="browser" value="firefox"/>
    <property name="java.vm.name" value="Java HotSpot(TM) Client VM"/>
    <property name="localRepository" value="C:\Users\pue\.m2\repository"/>
    <property name="java.vendor.url.bug" value="http://bugreport.sun.com/bugreport/"/>
    <property name="java.io.tmpdir" value="C:\Users\pue\AppData\Local\Temp\"/>
    <property name="java.version" value="1.8.0_321"/>
    <property name="user.dir" value="C:\Opencart"/>
    <property name="os.arch" value="x86"/>
    <property name="java.vm.specification.name" value="Java Virtual Machine Specification"/>
    <property name="java.awt.printerjob" value="sun.awt.windows.WPrinterJob"/>
    <property name="sun.os.patch.level" value=""/>
    <property name="java.library.path" value="C:\Program Files (x86)\Java\jdk1.8.0_321\jre\bin;C:\WINDOWS\Sun\Java\bin;C:\WINDOWS\system32;C:\WINDOWS;C:\Users\pue\bin;C:\Program Files\Git\mingw64\bin;C:\Program Files\Git\usr\local\bin;C:\Program Files\Git\usr\bin;C:\Program Files\Git\usr\bin;C:\Program Files\Git\mingw64\bin;C:\Program Files\Git\usr\bin;C:\Users\pue\bin;C:\Program Files (x86)\Common Files\Oracle\Java\javapath;C:\WINDOWS\system32;C:\WINDOWS;C:\WINDOWS\System32\Wbem;C:\WINDOWS\System32\WindowsPowerShell\v1.0;C:\WINDOWS\System32\OpenSSH;C:\Program Files\Git\cmd;C:\Maven\apache-maven-3.8.1\bin;C:\Users\pue\AppData\Local\Microsoft\WindowsApps;C:\Gradle\gradle-6.7.1\bin;C:\Program Files (x86)\Java\jdk1.8.0_321\bin;C:\Maven\apache-maven-3.8.1\bin;C:\Program Files\Git\usr\bin\vendor_perl;C:\Program Files\Git\usr\bin\core_perl;."/>
    <property name="java.vm.info" value="mixed mode"/>
    <property name="java.vendor" value="Oracle Corporation"/>
    <property name="java.vm.version" value="25.321-b07"/>
    <property name="java.ext.dirs" value="C:\Program Files (x86)\Java\jdk1.8.0_321\jre\lib\ext;C:\WINDOWS\Sun\Java\lib\ext"/>
    <property name="sun.io.unicode.encoding" value="UnicodeLittle"/>
    <property name="java.class.version" value="52.0"/>
  </properties>
  <testcase name="the user adds two products to the cart" classname="cart test suite" time="11.437"/>
  <testcase name="the user adds two products to the cart and removes one" classname="cart test suite" time="9.734"/>
  <testcase name="the user adds one product to the cart and updates his quantity" classname="cart test suite" time="9.751"/>
  <testcase name="the price of the product in the cart is correct" classname="cart test suite" time="8.843"/>
  <testcase name="the user buys two products with already created address" classname="checkout test suite" time="10.438">
    <error message="Element &lt;input id=&quot;input-email&quot; class=&quot;form-control&quot; name=&quot;email&quot; type=&quot;text&quot;&gt; could not be scrolled into view&#10;Build info: version: &apos;3.141.59&apos;, revision: &apos;e82be7d358&apos;, time: &apos;2018-11-14T08:17:03&apos;&#10;System info: host: &apos;DESKTOP-I6VLM93&apos;, ip: &apos;172.16.4.23&apos;, os.name: &apos;Windows 10&apos;, os.arch: &apos;x86&apos;, os.version: &apos;10.0&apos;, java.version: &apos;1.8.0_321&apos;&#10;Driver info: org.openqa.selenium.firefox.FirefoxDriver&#10;Capabilities {acceptInsecureCerts: true, browserName: firefox, browserVersion: 98.0.1, javascriptEnabled: true, moz:accessibilityChecks: false, moz:buildID: 20220313140707, moz:geckodriverVersion: 0.31.0, moz:headless: false, moz:processID: 14948, moz:profile: C:\Users\pue\AppData\Local\..., moz:shutdownTimeout: 60000, moz:useNonSpecCompliantPointerOrigin: false, moz:webdriverClick: true, pageLoadStrategy: normal, platform: WINDOWS, platformName: WINDOWS, platformVersion: 10.0, proxy: Proxy(), setWindowRect: true, strictFileInteractability: false, timeouts: {implicit: 0, pageLoad: 300000, script: 30000}, unhandledPromptBehavior: dismiss and notify}&#10;Session ID: 760fcfb4-87d9-497b-af76-9c9a61571e97" type="org.openqa.selenium.ElementNotInteractableException"><![CDATA[org.openqa.selenium.ElementNotInteractableException: 
Element <input id="input-email" class="form-control" name="email" type="text"> could not be scrolled into view
Build info: version: '3.141.59', revision: 'e82be7d358', time: '2018-11-14T08:17:03'
System info: host: 'DESKTOP-I6VLM93', ip: '172.16.4.23', os.name: 'Windows 10', os.arch: 'x86', os.version: '10.0', java.version: '1.8.0_321'
Driver info: org.openqa.selenium.firefox.FirefoxDriver
Capabilities {acceptInsecureCerts: true, browserName: firefox, browserVersion: 98.0.1, javascriptEnabled: true, moz:accessibilityChecks: false, moz:buildID: 20220313140707, moz:geckodriverVersion: 0.31.0, moz:headless: false, moz:processID: 14948, moz:profile: C:\Users\pue\AppData\Local\..., moz:shutdownTimeout: 60000, moz:useNonSpecCompliantPointerOrigin: false, moz:webdriverClick: true, pageLoadStrategy: normal, platform: WINDOWS, platformName: WINDOWS, platformVersion: 10.0, proxy: Proxy(), setWindowRect: true, strictFileInteractability: false, timeouts: {implicit: 0, pageLoad: 300000, script: 30000}, unhandledPromptBehavior: dismiss and notify}
Session ID: 760fcfb4-87d9-497b-af76-9c9a61571e97
]]></error>
    <system-out><![CDATA[123.2

@cart @useraddtwoproductstothecart @smoke
Scenario Outline: the user adds two products to the cart                                                                     &amp#27;[90m# src/test/resources/cart.feature:16&amp#27;[0m
  &amp#27;[32mGiven &amp#27;[0m&amp#27;[32mthe user is on the home page&amp#27;[0m                                                                                         &amp#27;[90m# com.hiberusuniversity.openCart.stepdefs.CartSteps.theUserIsOnTheLogInPage()&amp#27;[0m
  &amp#27;[32mAnd &amp#27;[0m&amp#27;[32mthe user adds two product to the cart &amp#27;[0m&amp#27;[32m&amp#27;[1m"iPhone"&amp#27;[0m&amp#27;[32m and &amp#27;[0m&amp#27;[32m&amp#27;[1m"MacBook"&amp#27;[0m                                                           &amp#27;[90m# com.hiberusuniversity.openCart.stepdefs.CartSteps.theUserAddsTwoProductToTheCart(java.lang.String,java.lang.String)&amp#27;[0m
  &amp#27;[32mWhen &amp#27;[0m&amp#27;[32mthe user click the cart section&amp#27;[0m                                                                                       &amp#27;[90m# com.hiberusuniversity.openCart.stepdefs.CartSteps.theUserClickTheCartSection()&amp#27;[0m
  &amp#27;[32mThen &amp#27;[0m&amp#27;[32mthe user is redirected to the cart page and sees the &amp#27;[0m&amp#27;[32m&amp#27;[1m2&amp#27;[0m&amp#27;[32m products he added &amp#27;[0m&amp#27;[32m&amp#27;[1m"iPhone"&amp#27;[0m&amp#27;[32m and &amp#27;[0m&amp#27;[32m&amp#27;[1m"MacBook"&amp#27;[0m&amp#27;[32m in alphabetical order&amp#27;[0m &amp#27;[90m# com.hiberusuniversity.openCart.stepdefs.CartSteps.theUserIsRedirectedToTheCartPageAndSeesTheTwoProductsHeAddedAnd(int,java.lang.String,java.lang.String)&amp#27;[0m

@cart @useraddtwoproductsanddeletesone @smoke
Scenario Outline: the user adds two products to the cart and removes one      &amp#27;[90m# src/test/resources/cart.feature:28&amp#27;[0m
  &amp#27;[32mGiven &amp#27;[0m&amp#27;[32mthe user is on the home page&amp#27;[0m                                          &amp#27;[90m# com.hiberusuniversity.openCart.stepdefs.CartSteps.theUserIsOnTheLogInPage()&amp#27;[0m
  &amp#27;[32mAnd &amp#27;[0m&amp#27;[32mthe user adds two product to the cart &amp#27;[0m&amp#27;[32m&amp#27;[1m"iPhone"&amp#27;[0m&amp#27;[32m and &amp#27;[0m&amp#27;[32m&amp#27;[1m"MacBook"&amp#27;[0m            &amp#27;[90m# com.hiberusuniversity.openCart.stepdefs.CartSteps.theUserAddsTwoProductToTheCart(java.lang.String,java.lang.String)&amp#27;[0m
  &amp#27;[32mWhen &amp#27;[0m&amp#27;[32mthe user click the cart section&amp#27;[0m                                        &amp#27;[90m# com.hiberusuniversity.openCart.stepdefs.CartSteps.theUserClickTheCartSection()&amp#27;[0m
  &amp#27;[32mAnd &amp#27;[0m&amp#27;[32mthe user is redirected to the cart page and removes one of the products&amp#27;[0m &amp#27;[90m# com.hiberusuniversity.openCart.stepdefs.CartSteps.theUserIsRedirectedToTheCartPageAndRemovesOneOfTheProducts()&amp#27;[0m
  &amp#27;[32mThen &amp#27;[0m&amp#27;[32mthe cart list will only have &amp#27;[0m&amp#27;[32m&amp#27;[1m1&amp#27;[0m&amp#27;[32m product&amp#27;[0m                                 &amp#27;[90m# com.hiberusuniversity.openCart.stepdefs.CartSteps.theCartListWillOnlyHaveProduct(int)&amp#27;[0m

@cart @userupdateproductquantityincart
Scenario Outline: the user adds one product to the cart and updates his quantity                  &amp#27;[90m# src/test/resources/cart.feature:40&amp#27;[0m
  &amp#27;[32mGiven &amp#27;[0m&amp#27;[32mthe user is on the home page&amp#27;[0m                                                              &amp#27;[90m# com.hiberusuniversity.openCart.stepdefs.CartSteps.theUserIsOnTheLogInPage()&amp#27;[0m
  &amp#27;[32mAnd &amp#27;[0m&amp#27;[32mthe user adds one product to the cart &amp#27;[0m&amp#27;[32m&amp#27;[1m"iPhone"&amp#27;[0m                                              &amp#27;[90m# com.hiberusuniversity.openCart.stepdefs.CartSteps.theUserAddsOneProductToTheCart(java.lang.String)&amp#27;[0m
  &amp#27;[32mWhen &amp#27;[0m&amp#27;[32mthe user click the cart section&amp#27;[0m                                                            &amp#27;[90m# com.hiberusuniversity.openCart.stepdefs.CartSteps.theUserClickTheCartSection()&amp#27;[0m
  &amp#27;[32mAnd &amp#27;[0m&amp#27;[32mthe user is redirected to the cart page and updates the quantity of one of the products &amp#27;[0m&amp#27;[32m&amp#27;[1m"2"&amp#27;[0m &amp#27;[90m# com.hiberusuniversity.openCart.stepdefs.CartSteps.theUserIsRedirectedToTheCartPageAndUpdatesTheQuantityOfOneOfTheProducts(java.lang.String)&amp#27;[0m
  &amp#27;[32mThen &amp#27;[0m&amp#27;[32mthe cart list will only have one product with &amp#27;[0m&amp#27;[32m&amp#27;[1m2&amp#27;[0m&amp#27;[32m units&amp#27;[0m                                      &amp#27;[90m# com.hiberusuniversity.openCart.stepdefs.CartSteps.theCartListWillOnlyHaveProductWithTwoUnits(int)&amp#27;[0m

@cart @productprice
Scenario Outline: the price of the product in the cart is correct  &amp#27;[90m# src/test/resources/cart.feature:50&amp#27;[0m
  &amp#27;[32mGiven &amp#27;[0m&amp#27;[32mthe user is on the home page&amp#27;[0m                               &amp#27;[90m# com.hiberusuniversity.openCart.stepdefs.CartSteps.theUserIsOnTheLogInPage()&amp#27;[0m
  &amp#27;[32mAnd &amp#27;[0m&amp#27;[32mthe user adds two product to the cart &amp#27;[0m&amp#27;[32m&amp#27;[1m"iPhone"&amp#27;[0m&amp#27;[32m and &amp#27;[0m&amp#27;[32m&amp#27;[1m"MacBook"&amp#27;[0m &amp#27;[90m# com.hiberusuniversity.openCart.stepdefs.CartSteps.theUserAddsTwoProductToTheCart(java.lang.String,java.lang.String)&amp#27;[0m
  &amp#27;[32mWhen &amp#27;[0m&amp#27;[32mthe user click the cart section&amp#27;[0m                             &amp#27;[90m# com.hiberusuniversity.openCart.stepdefs.CartSteps.theUserClickTheCartSection()&amp#27;[0m
  &amp#27;[32mThen &amp#27;[0m&amp#27;[32mthe price of the product is equal to the total price&amp#27;[0m        &amp#27;[90m# com.hiberusuniversity.openCart.stepdefs.CartSteps.thePriceOfTheProductIsEqualToTheTotalPrice()&amp#27;[0m

@checkout @usercheckout @smoke
Scenario Outline: the user buys two products with already created address                                                                             &amp#27;[90m# src/test/resources/checkout.feature:22&amp#27;[0m
  &amp#27;[32mGiven &amp#27;[0m&amp#27;[32mthe user is on the home page&amp#27;[0m                                                                                                                  &amp#27;[90m# com.hiberusuniversity.openCart.stepdefs.CartSteps.theUserIsOnTheLogInPage()&amp#27;[0m
  &amp#27;[32mAnd &amp#27;[0m&amp#27;[32mthe user adds one product to the cart &amp#27;[0m&amp#27;[32m&amp#27;[1m"iPhone"&amp#27;[0m&amp#27;[32m and the user click the cart section&amp#27;[0m                                                              &amp#27;[90m# com.hiberusuniversity.openCart.stepdefs.CheckoutSteps.theUserAddsProductToTheCart(java.lang.String)&amp#27;[0m
  &amp#27;[32mAnd &amp#27;[0m&amp#27;[32mthe user click the checkout button&amp#27;[0m                                                                                                              &amp#27;[90m# com.hiberusuniversity.openCart.stepdefs.CheckoutSteps.theUserClickTheCheckoutButton()&amp#27;[0m
  &amp#27;[31mAnd &amp#27;[0m&amp#27;[31mthe user enter his email &amp#27;[0m&amp#27;[31m&amp#27;[1m"rbttm1999@gmail.com"&amp#27;[0m&amp#27;[31m and password &amp#27;[0m&amp#27;[31m&amp#27;[1m"123abc"&amp#27;[0m&amp#27;[31m and logs in&amp#27;[0m                                                                &amp#27;[90m# com.hiberusuniversity.openCart.stepdefs.CheckoutSteps.theUserEnterHisEmailAndPasswordAndLogsIn(java.lang.String,java.lang.String)&amp#27;[0m
      &amp#27;[31morg.openqa.selenium.ElementNotInteractableException: Element <input id="input-email" class="form-control" name="email" type="text"> could not be scrolled into view
Build info: version: '3.141.59', revision: 'e82be7d358', time: '2018-11-14T08:17:03'
System info: host: 'DESKTOP-I6VLM93', ip: '172.16.4.23', os.name: 'Windows 10', os.arch: 'x86', os.version: '10.0', java.version: '1.8.0_321'
Driver info: org.openqa.selenium.firefox.FirefoxDriver
Capabilities {acceptInsecureCerts: true, browserName: firefox, browserVersion: 98.0.1, javascriptEnabled: true, moz:accessibilityChecks: false, moz:buildID: 20220313140707, moz:geckodriverVersion: 0.31.0, moz:headless: false, moz:processID: 14948, moz:profile: C:\Users\pue\AppData\Local\..., moz:shutdownTimeout: 60000, moz:useNonSpecCompliantPointerOrigin: false, moz:webdriverClick: true, pageLoadStrategy: normal, platform: WINDOWS, platformName: WINDOWS, platformVersion: 10.0, proxy: Proxy(), setWindowRect: true, strictFileInteractability: false, timeouts: {implicit: 0, pageLoad: 300000, script: 30000}, unhandledPromptBehavior: dismiss and notify}
Session ID: 760fcfb4-87d9-497b-af76-9c9a61571e97
	at sun.reflect.NativeConstructorAccessorImpl.newInstance0(Native Method)
	at sun.reflect.NativeConstructorAccessorImpl.newInstance(NativeConstructorAccessorImpl.java:62)
	at sun.reflect.DelegatingConstructorAccessorImpl.newInstance(DelegatingConstructorAccessorImpl.java:45)
	at java.lang.reflect.Constructor.newInstance(Constructor.java:423)
	at org.openqa.selenium.remote.http.W3CHttpResponseCodec.createException(W3CHttpResponseCodec.java:187)
	at org.openqa.selenium.remote.http.W3CHttpResponseCodec.decode(W3CHttpResponseCodec.java:122)
	at org.openqa.selenium.remote.http.W3CHttpResponseCodec.decode(W3CHttpResponseCodec.java:49)
	at org.openqa.selenium.remote.HttpCommandExecutor.execute(HttpCommandExecutor.java:158)
	at org.openqa.selenium.]]></system-out>
    <system-err><![CDATA[[main] INFO com.hiberusuniversity.openCart.support.Hooks - starting the user buys two products with already created address
[main] INFO io.github.bonigarcia.wdm.WebDriverManager - Reading https://api.github.com/repos/mozilla/geckodriver/releases to seek geckodriver
[main] INFO io.github.bonigarcia.wdm.WebDriverManager - Exporting webdriver.gecko.driver as C:\Users\pue\.cache\selenium\geckodriver\win32\0.31.0\geckodriver.exe
1654710072209	geckodriver	INFO	Listening on 127.0.0.1:16571
1654710072701	mozrunner::runner	INFO	Running command: "C:\\Program Files\\Mozilla Firefox\\firefox.exe" "--marionette" "-no-remote" "-profile" "C:\\Users\\pue\\AppData\\Local\\Temp\\rust_mozprofileyNyssC"
1654710073215	Marionette	INFO	Marionette enabled
console.warn: SearchSettings: "get: No settings file exists, new profile?" (new NotFoundError("Could not open the file at C:\\Users\\pue\\AppData\\Local\\Temp\\rust_mozprofileyNyssC\\search.json.mozlz4", (void 0)))
1654710075052	Marionette	INFO	Listening on port 53497
Read port: 53497
1654710075100	RemoteAgent	WARN	TLS certificate errors will be ignored for this session
jun 08, 2022 7:41:15 PM org.openqa.selenium.remote.ProtocolHandshake createSession
INFORMACIÓN: Detected dialect: W3C
[main] INFO com.hiberusuniversity.openCart.stepdefs.CartSteps - The user is on the login page
1654710078809	Marionette	WARN	TimedPromise timed out after 500 ms: stacktrace:
TimedPromise/<@chrome://remote/content/marionette/sync.js:235:19
TimedPromise@chrome://remote/content/marionette/sync.js:220:10
interaction.flushEventLoop@chrome://remote/content/marionette/interaction.js:431:10
webdriverClickElement@chrome://remote/content/marionette/interaction.js:179:31
[main] INFO com.hiberusuniversity.openCart.support.Hooks - ending the user buys two products with already created address
1654710080397	Marionette	INFO	Stopped listening on port 53497
[Parent 14948, IPC I/O Parent] WARNING: file /builds/worker/checkouts/gecko/ipc/chromium/src/base/process_util_win.cc:167

###!!! [Parent][PImageBridgeParent] Error: RunMessage(msgname=PImageBridge::Msg_WillClose) Channel closing: too late to send/recv, messages will be lost

]]></system-err>
  </testcase>
  <testcase name="the user buys two products with new created address" classname="checkout test suite" time="10.515">
    <error message="Element &lt;input id=&quot;input-email&quot; class=&quot;form-control&quot; name=&quot;email&quot; type=&quot;text&quot;&gt; could not be scrolled into view&#10;Build info: version: &apos;3.141.59&apos;, revision: &apos;e82be7d358&apos;, time: &apos;2018-11-14T08:17:03&apos;&#10;System info: host: &apos;DESKTOP-I6VLM93&apos;, ip: &apos;172.16.4.23&apos;, os.name: &apos;Windows 10&apos;, os.arch: &apos;x86&apos;, os.version: &apos;10.0&apos;, java.version: &apos;1.8.0_321&apos;&#10;Driver info: org.openqa.selenium.firefox.FirefoxDriver&#10;Capabilities {acceptInsecureCerts: true, browserName: firefox, browserVersion: 98.0.1, javascriptEnabled: true, moz:accessibilityChecks: false, moz:buildID: 20220313140707, moz:geckodriverVersion: 0.31.0, moz:headless: false, moz:processID: 11144, moz:profile: C:\Users\pue\AppData\Local\..., moz:shutdownTimeout: 60000, moz:useNonSpecCompliantPointerOrigin: false, moz:webdriverClick: true, pageLoadStrategy: normal, platform: WINDOWS, platformName: WINDOWS, platformVersion: 10.0, proxy: Proxy(), setWindowRect: true, strictFileInteractability: false, timeouts: {implicit: 0, pageLoad: 300000, script: 30000}, unhandledPromptBehavior: dismiss and notify}&#10;Session ID: 4dae19cc-6062-4a67-b9f0-180a0ed50155" type="org.openqa.selenium.ElementNotInteractableException"><![CDATA[org.openqa.selenium.ElementNotInteractableException: 
Element <input id="input-email" class="form-control" name="email" type="text"> could not be scrolled into view
Build info: version: '3.141.59', revision: 'e82be7d358', time: '2018-11-14T08:17:03'
System info: host: 'DESKTOP-I6VLM93', ip: '172.16.4.23', os.name: 'Windows 10', os.arch: 'x86', os.version: '10.0', java.version: '1.8.0_321'
Driver info: org.openqa.selenium.firefox.FirefoxDriver
Capabilities {acceptInsecureCerts: true, browserName: firefox, browserVersion: 98.0.1, javascriptEnabled: true, moz:accessibilityChecks: false, moz:buildID: 20220313140707, moz:geckodriverVersion: 0.31.0, moz:headless: false, moz:processID: 11144, moz:profile: C:\Users\pue\AppData\Local\..., moz:shutdownTimeout: 60000, moz:useNonSpecCompliantPointerOrigin: false, moz:webdriverClick: true, pageLoadStrategy: normal, platform: WINDOWS, platformName: WINDOWS, platformVersion: 10.0, proxy: Proxy(), setWindowRect: true, strictFileInteractability: false, timeouts: {implicit: 0, pageLoad: 300000, script: 30000}, unhandledPromptBehavior: dismiss and notify}
Session ID: 4dae19cc-6062-4a67-b9f0-180a0ed50155
]]></error>
    <system-out><![CDATA[123.2
remote.service.DriverCommandExecutor.execute(DriverCommandExecutor.java:83)
	at org.openqa.selenium.remote.RemoteWebDriver.execute(RemoteWebDriver.java:552)
	at org.openqa.selenium.remote.RemoteWebElement.execute(RemoteWebElement.java:285)
	at org.openqa.selenium.remote.RemoteWebElement.click(RemoteWebElement.java:84)
	at sun.reflect.NativeMethodAccessorImpl.invoke0(Native Method)
	at sun.reflect.NativeMethodAccessorImpl.invoke(NativeMethodAccessorImpl.java:62)
	at sun.reflect.DelegatingMethodAccessorImpl.invoke(DelegatingMethodAccessorImpl.java:43)
	at java.lang.reflect.Method.invoke(Method.java:498)
	at org.openqa.selenium.support.pagefactory.internal.LocatingElementHandler.invoke(LocatingElementHandler.java:51)
	at com.sun.proxy.$Proxy20.click(Unknown Source)
	at com.hiberusuniversity.openCart.pages.CheckoutPage.loginCheckout(CheckoutPage.java:115)
	at com.hiberusuniversity.openCart.stepdefs.CheckoutSteps.theUserEnterHisEmailAndPasswordAndLogsIn(CheckoutSteps.java:43)
	at âœ½.the user enter his email "rbttm1999@gmail.com" and password "123abc" and logs in(file:///C:/Opencart/src/test/resources/checkout.feature:12)
&amp#27;[0m
  &amp#27;[36mAnd &amp#27;[0m&amp#27;[36mthe user uses a already created billing address&amp#27;[0m                                                                                                 &amp#27;[90m# com.hiberusuniversity.openCart.stepdefs.CheckoutSteps.theUserUsesAAlreadyCreatedAddress()&amp#27;[0m
  &amp#27;[36mAnd &amp#27;[0m&amp#27;[36mthe user uses a already created delivery address&amp#27;[0m                                                                                                &amp#27;[90m# com.hiberusuniversity.openCart.stepdefs.CheckoutSteps.theUserUsesAAlreadyCreatedDeliveryAddress()&amp#27;[0m
  &amp#27;[36mAnd &amp#27;[0m&amp#27;[36mthe user select the delivery method&amp#27;[0m                                                                                                             &amp#27;[90m# com.hiberusuniversity.openCart.stepdefs.CheckoutSteps.theUserSelectTheDeliveryMethod()&amp#27;[0m
  &amp#27;[36mAnd &amp#27;[0m&amp#27;[36mthe user select the payment method&amp#27;[0m                                                                                                              &amp#27;[90m# com.hiberusuniversity.openCart.stepdefs.CheckoutSteps.theUserSelectThePaymentMethod()&amp#27;[0m
  &amp#27;[36mWhen &amp#27;[0m&amp#27;[36mthe user confirms the order&amp#27;[0m                                                                                                                    &amp#27;[90m# com.hiberusuniversity.openCart.stepdefs.CheckoutSteps.theUserConfirmsTheOrder()&amp#27;[0m
  &amp#27;[36mThen &amp#27;[0m&amp#27;[36mThe user get redirected to a page with a message that his order was successful &amp#27;[0m&amp#27;[36m&amp#27;[1m"http://opencart.abstracta.us/index.php?route=checkout/success"&amp#27;[0m &amp#27;[90m# com.hiberusuniversity.openCart.stepdefs.CheckoutSteps.theUserGetRedirectedToAPageWithAMessageThatHisOrderWasSuccessful(java.lang.String)&amp#27;[0m

    Embedding screenshot_1654710080367.png [image/png 64242 bytes]


@checkout @usercheckoutnewaddress @smoke
Scenario Outline: the user buys two products with new created address                                                                                 &amp#27;[90m# src/test/resources/checkout.feature:41&amp#27;[0m
  &amp#27;[32mGiven &amp#27;[0m&amp#27;[32mthe user is on the home page&amp#27;[0m                                                                                                                  &amp#27;[90m# com.hiberusuniversity.openCart.stepdefs.CartSteps.theUserIsOnTheLogInPage()&amp#27;[0m
  &amp#27;[32mAnd &amp#27;[0m&amp#27;[32mthe user adds one product to the cart &amp#27;[0m&amp#27;[32m&amp#27;[1m"iPhone"&amp#27;[0m&amp#27;[32m and the user click the cart section&amp#27;[0m                                                              &amp#27;[90m# com.hiberusuniversity.openCart.stepdefs.CheckoutSteps.theUserAddsProductToTheCart(java.lang.String)&amp#27;[0m
  &amp#27;[32mAnd &amp#27;[0m&amp#27;[32mthe user click the checkout button&amp#27;[0m                                                                                                              &amp#27;[90m# com.hiberusuniversity.openCart.stepdefs.CheckoutSteps.theUserClickTheCheckoutButton()&amp#27;[0m
  &amp#27;[31mAnd &amp#27;[0m&amp#27;[31mthe user enter his email &amp#27;[0m&amp#27;[31m&amp#27;[1m"rbttm1999@gmail.com"&amp#27;[0m&amp#27;[31m and password &amp#27;[0m&amp#27;[31m&amp#27;[1m"123abc"&amp#27;[0m&amp#27;[31m and logs in&amp#27;[0m                                                                &amp#27;[90m# com.hiberusuniversity.openCart.stepdefs.CheckoutSteps.theUserEnterHisEmailAndPasswordAndLogsIn(java.lang.String,java.lang.String)&amp#27;[0m
      &amp#27;[31morg.openqa.selenium.ElementNotInteractableException: Element <input id="input-email" class="form-control" name="email" type="text"> could not be scrolled into view
Build info: version: '3.141.59', revision: 'e82be7d358', time: '2018-11-14T08:17:03'
System info: host: 'DESKTOP-I6VLM93', ip: '172.16.4.23', os.name: 'Windows 10', os.arch: 'x86', os.version: '10.0', java.version: '1.8.0_321'
Driver info: org.openqa.selenium.firefox.FirefoxDriver
Capabilities {acceptInsecureCerts: true, browserName: firefox, browserVersion: 98.0.1, javascriptEnabled: true, moz:accessibilityChecks: false, moz:buildID: 20220313140707, moz:geckodriverVersion: 0.31.0, moz:headless: false, moz:processID: 11144, moz:profile: C:\Users\pue\AppData\Local\..., moz:shutdownTimeout: 60000, moz:useNonSpecCompliantPointerOrigin: false, moz:webdriverClick: true, pageLoadStrategy: normal, platform: WINDOWS, platformName: WINDOWS, platformVersion: 10.0, proxy: Proxy(), setWindowRect: true, strictFileInteractability: false, timeouts: {implicit: 0, pageLoad: 300000, script: 30000}, unhandledPromptBehavior: dismiss and notify}
Session ID: 4dae19cc-6062-4a67-b9f0-180a0ed50155
	at sun.reflect.NativeConstructorAccessorImpl.newInstance0(Native Method)
	at sun.reflect.NativeConstructorAccessorImpl.newInstance(NativeConstructorAccessorImpl.java:62)
	at sun.reflect.DelegatingConstructorAccessorImpl.newInstance(DelegatingConstructorAccessorImpl.java:45)
	at java.lang.reflect.Constructor.newInstance(Constructor.java:423)
	at org.openqa.selenium.remote.http.W3CHttpResponseCodec.createException(W3CHttpResponseCodec.java:187)
	at org.openqa.selenium.remote.http.W3CHttpResponseCodec.decode(W3CHttpResponseCodec.java:122)
	at org.openqa.selenium.remote.http.W3CHttpResponseCodec.decode(W3CHttpResponseCodec.java:49)
	at org.openqa.selenium.remote.HttpCommandExecutor.execute(HttpCommandExecutor.java:158)
	at org.openqa.selenium.remote.service.DriverCommandExecutor.execute(DriverCommandExecutor.java:83)
	at org.openqa.selenium.remote.RemoteWebDriver.execute(RemoteWebDriver.java:552)
	at org.openqa.selenium.remote.RemoteWebElement.execute(RemoteWebElement.java:285)
	at org.openqa.selenium.remote.RemoteWebElement.click(RemoteWebElement.java:84)
	at sun.reflect.NativeMethodAccessorImpl.invoke0(Native Method)
	at sun.reflect.NativeMethodAccessorImpl.invoke(NativeMethodAccessorImpl.java:62)
	at sun.reflect.DelegatingMethodAccessorImpl.invoke(DelegatingMethodAccessorImpl.java:43)
	at java.lang.reflect.Method.invoke(Method.java:498)
	at org.openqa.selenium.support.pagefactory.internal.LocatingElementHandler.invoke(LocatingElementHandler.java:51)
	at com.sun.proxy.$Proxy20.click(Unknown Source)
	at com.hiberusuniversity.openCart.pages.CheckoutPage.loginCheckout(CheckoutPage.java:115)
	at com.hiberusuniversity.openCart.stepdefs.CheckoutSteps.theUserEnterHisEmailAndPasswordAndLogsIn(CheckoutSteps.java:43)
	at âœ½.the user enter his email "rbttm1999@gmail.com" and password "123abc" and logs in(file:///C:/Opencart/src/test/resources/checkout.feature:29)
&amp#27;[0m
  &amp#27;[36mAnd &amp#27;[0m&amp#27;[36mthe user uses selects to create a new billing address&amp#27;[0m                                                                                           &amp#27;[90m# com.hiberusuniversity.openCart.stepdefs.CheckoutSteps.theUserUsesSelectsToCreateANewBillingAddress()&amp#27;[0m
  &amp#27;[36mAnd &amp#27;[0m&amp#27;[36mthe user introduces his info &amp#27;[0m&amp#27;[36m&amp#27;[1m"Roberto"&amp#27;[0m&amp#27;[36m &amp#27;[0m&amp#27;[36m&amp#27;[1m"Teresa"&amp#27;[0m&amp#27;[36m &amp#27;[0m&amp#27;[36m&amp#27;[1m"Calle falsa 123"&amp#27;[0m&amp#27;[36m &amp#27;[0m&amp#27;[36m&amp#27;[1m"Valladolid"&amp#27;[0m&amp#27;[36m &amp#27;[0m&amp#27;[36m&amp#27;[1m"Spain"&amp#27;[0m&amp#27;[36m &amp#27;[0m&amp#27;[36m&amp#27;[1m"Valladolid"&amp#27;[0m&amp#27;[36m for the new billing address&amp#27;[0m                 &amp#27;[90m# com.hiberusuniversity.openCart.stepdefs.CheckoutSteps.theUserIntroducesHisInfoForTheNewBillingAddress(java.lang.String,java.lang.String,java.lang.String,java.lang.String,java.lang.String,java.lang.String)&amp#27;[0m
  &amp#27;[36mAnd &amp#27;[0m&amp#27;[3]]></system-out>
    <system-err><![CDATA[[main] INFO com.hiberusuniversity.openCart.support.Hooks - starting the user buys two products with new created address
[main] INFO io.github.bonigarcia.wdm.WebDriverManager - Reading https://api.github.com/repos/mozilla/geckodriver/releases to seek geckodriver
[main] INFO io.github.bonigarcia.wdm.WebDriverManager - Exporting webdriver.gecko.driver as C:\Users\pue\.cache\selenium\geckodriver\win32\0.31.0\geckodriver.exe
1654710082674	geckodriver	INFO	Listening on 127.0.0.1:4864
1654710083133	mozrunner::runner	INFO	Running command: "C:\\Program Files\\Mozilla Firefox\\firefox.exe" "--marionette" "-no-remote" "-profile" "C:\\Users\\pue\\AppData\\Local\\Temp\\rust_mozprofilekzQqd7"
1654710083656	Marionette	INFO	Marionette enabled
console.warn: SearchSettings: "get: No settings file exists, new profile?" (new NotFoundError("Could not open the file at C:\\Users\\pue\\AppData\\Local\\Temp\\rust_mozprofilekzQqd7\\search.json.mozlz4", (void 0)))
1654710085419	Marionette	INFO	Listening on port 53570
Read port: 53570
1654710085517	RemoteAgent	WARN	TLS certificate errors will be ignored for this session
jun 08, 2022 7:41:25 PM org.openqa.selenium.remote.ProtocolHandshake createSession
INFORMACIÓN: Detected dialect: W3C
[main] INFO com.hiberusuniversity.openCart.stepdefs.CartSteps - The user is on the login page
1654710089077	Marionette	WARN	TimedPromise timed out after 500 ms: stacktrace:
TimedPromise/<@chrome://remote/content/marionette/sync.js:235:19
TimedPromise@chrome://remote/content/marionette/sync.js:220:10
interaction.flushEventLoop@chrome://remote/content/marionette/interaction.js:431:10
webdriverClickElement@chrome://remote/content/marionette/interaction.js:179:31
[main] INFO com.hiberusuniversity.openCart.support.Hooks - ending the user buys two products with new created address
1654710090897	Marionette	INFO	Stopped listening on port 53570

###!!! [Parent][PImageBridgeParent] Error: RunMessage(msgname=PImageBridge::Msg_WillClose) Channel closing: too late to send/recv, messages will be lost

]]></system-err>
  </testcase>
  <testcase name="the user buys two products as a guest" classname="checkout test suite" time="10.662">
    <error message="Element &lt;input name=&quot;account&quot; type=&quot;radio&quot;&gt; could not be scrolled into view&#10;Build info: version: &apos;3.141.59&apos;, revision: &apos;e82be7d358&apos;, time: &apos;2018-11-14T08:17:03&apos;&#10;System info: host: &apos;DESKTOP-I6VLM93&apos;, ip: &apos;172.16.4.23&apos;, os.name: &apos;Windows 10&apos;, os.arch: &apos;x86&apos;, os.version: &apos;10.0&apos;, java.version: &apos;1.8.0_321&apos;&#10;Driver info: org.openqa.selenium.firefox.FirefoxDriver&#10;Capabilities {acceptInsecureCerts: true, browserName: firefox, browserVersion: 98.0.1, javascriptEnabled: true, moz:accessibilityChecks: false, moz:buildID: 20220313140707, moz:geckodriverVersion: 0.31.0, moz:headless: false, moz:processID: 4052, moz:profile: C:\Users\pue\AppData\Local\..., moz:shutdownTimeout: 60000, moz:useNonSpecCompliantPointerOrigin: false, moz:webdriverClick: true, pageLoadStrategy: normal, platform: WINDOWS, platformName: WINDOWS, platformVersion: 10.0, proxy: Proxy(), setWindowRect: true, strictFileInteractability: false, timeouts: {implicit: 0, pageLoad: 300000, script: 30000}, unhandledPromptBehavior: dismiss and notify}&#10;Session ID: 6b155b0f-2743-47f9-8366-401783a340e8" type="org.openqa.selenium.ElementNotInteractableException"><![CDATA[org.openqa.selenium.ElementNotInteractableException: 
Element <input name="account" type="radio"> could not be scrolled into view
Build info: version: '3.141.59', revision: 'e82be7d358', time: '2018-11-14T08:17:03'
System info: host: 'DESKTOP-I6VLM93', ip: '172.16.4.23', os.name: 'Windows 10', os.arch: 'x86', os.version: '10.0', java.version: '1.8.0_321'
Driver info: org.openqa.selenium.firefox.FirefoxDriver
Capabilities {acceptInsecureCerts: true, browserName: firefox, browserVersion: 98.0.1, javascriptEnabled: true, moz:accessibilityChecks: false, moz:buildID: 20220313140707, moz:geckodriverVersion: 0.31.0, moz:headless: false, moz:processID: 4052, moz:profile: C:\Users\pue\AppData\Local\..., moz:shutdownTimeout: 60000, moz:useNonSpecCompliantPointerOrigin: false, moz:webdriverClick: true, pageLoadStrategy: normal, platform: WINDOWS, platformName: WINDOWS, platformVersion: 10.0, proxy: Proxy(), setWindowRect: true, strictFileInteractability: false, timeouts: {implicit: 0, pageLoad: 300000, script: 30000}, unhandledPromptBehavior: dismiss and notify}
Session ID: 6b155b0f-2743-47f9-8366-401783a340e8
]]></error>
    <system-out><![CDATA[123.2
6mthe user uses selects to create a new delivery address&amp#27;[0m                                                                                          &amp#27;[90m# com.hiberusuniversity.openCart.stepdefs.CheckoutSteps.theUserUsesSelectsToCreateANewDeliveryAddress()&amp#27;[0m
  &amp#27;[36mAnd &amp#27;[0m&amp#27;[36mthe user introduces his info &amp#27;[0m&amp#27;[36m&amp#27;[1m"Roberto"&amp#27;[0m&amp#27;[36m &amp#27;[0m&amp#27;[36m&amp#27;[1m"Teresa"&amp#27;[0m&amp#27;[36m &amp#27;[0m&amp#27;[36m&amp#27;[1m"Calle falsa 123"&amp#27;[0m&amp#27;[36m &amp#27;[0m&amp#27;[36m&amp#27;[1m"Valladolid"&amp#27;[0m&amp#27;[36m &amp#27;[0m&amp#27;[36m&amp#27;[1m"47250"&amp#27;[0m&amp#27;[36m &amp#27;[0m&amp#27;[36m&amp#27;[1m"Spain"&amp#27;[0m&amp#27;[36m &amp#27;[0m&amp#27;[36m&amp#27;[1m"Valladolid"&amp#27;[0m&amp#27;[36m for the new delivery address&amp#27;[0m        &amp#27;[90m# com.hiberusuniversity.openCart.stepdefs.CheckoutSteps.theUserIntroducesHisInfoForTheNewDeliveryAddress(java.lang.String,java.lang.String,java.lang.String,java.lang.String,java.lang.String,java.lang.String,java.lang.String)&amp#27;[0m
  &amp#27;[36mAnd &amp#27;[0m&amp#27;[36mthe user select the delivery method&amp#27;[0m                                                                                                             &amp#27;[90m# com.hiberusuniversity.openCart.stepdefs.CheckoutSteps.theUserSelectTheDeliveryMethod()&amp#27;[0m
  &amp#27;[36mAnd &amp#27;[0m&amp#27;[36mthe user select the payment method&amp#27;[0m                                                                                                              &amp#27;[90m# com.hiberusuniversity.openCart.stepdefs.CheckoutSteps.theUserSelectThePaymentMethod()&amp#27;[0m
  &amp#27;[36mWhen &amp#27;[0m&amp#27;[36mthe user confirms the order&amp#27;[0m                                                                                                                    &amp#27;[90m# com.hiberusuniversity.openCart.stepdefs.CheckoutSteps.theUserConfirmsTheOrder()&amp#27;[0m
  &amp#27;[36mThen &amp#27;[0m&amp#27;[36mThe user get redirected to a page with a message that his order was successful &amp#27;[0m&amp#27;[36m&amp#27;[1m"http://opencart.abstracta.us/index.php?route=checkout/success"&amp#27;[0m &amp#27;[90m# com.hiberusuniversity.openCart.stepdefs.CheckoutSteps.theUserGetRedirectedToAPageWithAMessageThatHisOrderWasSuccessful(java.lang.String)&amp#27;[0m

    Embedding screenshot_1654710090882.png [image/png 64242 bytes]


@checkout @usercheckoutguest
Scenario Outline: the user buys two products as a guest                                                                                                            &amp#27;[90m# src/test/resources/checkout.feature:56&amp#27;[0m
  &amp#27;[32mGiven &amp#27;[0m&amp#27;[32mthe user is on the home page&amp#27;[0m                                                                                                                               &amp#27;[90m# com.hiberusuniversity.openCart.stepdefs.CartSteps.theUserIsOnTheLogInPage()&amp#27;[0m
  &amp#27;[32mAnd &amp#27;[0m&amp#27;[32mthe user adds one product to the cart &amp#27;[0m&amp#27;[32m&amp#27;[1m"iPhone"&amp#27;[0m&amp#27;[32m and the user click the cart section&amp#27;[0m                                                                           &amp#27;[90m# com.hiberusuniversity.openCart.stepdefs.CheckoutSteps.theUserAddsProductToTheCart(java.lang.String)&amp#27;[0m
  &amp#27;[32mAnd &amp#27;[0m&amp#27;[32mthe user click the checkout button&amp#27;[0m                                                                                                                           &amp#27;[90m# com.hiberusuniversity.openCart.stepdefs.CheckoutSteps.theUserClickTheCheckoutButton()&amp#27;[0m
  &amp#27;[31mAnd &amp#27;[0m&amp#27;[31mthe user select to use a guest checkout&amp#27;[0m                                                                                                                      &amp#27;[90m# com.hiberusuniversity.openCart.stepdefs.CheckoutSteps.theUserSelectToUseAGuestCheckout()&amp#27;[0m
      &amp#27;[31morg.openqa.selenium.ElementNotInteractableException: Element <input name="account" type="radio"> could not be scrolled into view
Build info: version: '3.141.59', revision: 'e82be7d358', time: '2018-11-14T08:17:03'
System info: host: 'DESKTOP-I6VLM93', ip: '172.16.4.23', os.name: 'Windows 10', os.arch: 'x86', os.version: '10.0', java.version: '1.8.0_321'
Driver info: org.openqa.selenium.firefox.FirefoxDriver
Capabilities {acceptInsecureCerts: true, browserName: firefox, browserVersion: 98.0.1, javascriptEnabled: true, moz:accessibilityChecks: false, moz:buildID: 20220313140707, moz:geckodriverVersion: 0.31.0, moz:headless: false, moz:processID: 4052, moz:profile: C:\Users\pue\AppData\Local\..., moz:shutdownTimeout: 60000, moz:useNonSpecCompliantPointerOrigin: false, moz:webdriverClick: true, pageLoadStrategy: normal, platform: WINDOWS, platformName: WINDOWS, platformVersion: 10.0, proxy: Proxy(), setWindowRect: true, strictFileInteractability: false, timeouts: {implicit: 0, pageLoad: 300000, script: 30000}, unhandledPromptBehavior: dismiss and notify}
Session ID: 6b155b0f-2743-47f9-8366-401783a340e8
	at sun.reflect.NativeConstructorAccessorImpl.newInstance0(Native Method)
	at sun.reflect.NativeConstructorAccessorImpl.newInstance(NativeConstructorAccessorImpl.java:62)
	at sun.reflect.DelegatingConstructorAccessorImpl.newInstance(DelegatingConstructorAccessorImpl.java:45)
	at java.lang.reflect.Constructor.newInstance(Constructor.java:423)
	at org.openqa.selenium.remote.http.W3CHttpResponseCodec.createException(W3CHttpResponseCodec.java:187)
	at org.openqa.selenium.remote.http.W3CHttpResponseCodec.decode(W3CHttpResponseCodec.java:122)
	at org.openqa.selenium.remote.http.W3CHttpResponseCodec.decode(W3CHttpResponseCodec.java:49)
	at org.openqa.selenium.remote.HttpCommandExecutor.execute(HttpCommandExecutor.java:158)
	at org.openqa.selenium.remote.service.DriverCommandExecutor.execute(DriverCommandExecutor.java:83)
	at org.openqa.selenium.remote.RemoteWebDriver.execute(RemoteWebDriver.java:552)
	at org.openqa.selenium.remote.RemoteWebElement.execute(RemoteWebElement.java:285)
	at org.openqa.selenium.remote.RemoteWebElement.click(RemoteWebElement.java:84)
	at sun.reflect.NativeMethodAccessorImpl.invoke0(Native Method)
	at sun.reflect.NativeMethodAccessorImpl.invoke(NativeMethodAccessorImpl.java:62)
	at sun.reflect.DelegatingMethodAccessorImpl.invoke(DelegatingMethodAccessorImpl.java:43)
	at java.lang.reflect.Method.invoke(Method.java:498)
	at org.openqa.selenium.support.pagefactory.internal.LocatingElementHandler.invoke(LocatingElementHandler.java:51)
	at com.sun.proxy.$Proxy20.click(Unknown Source)
	at com.hiberusuniversity.openCart.pages.CheckoutPage.checkGuestCheckout(CheckoutPage.java:196)
	at com.hiberusuniversity.openCart.stepdefs.CheckoutSteps.theUserSelectToUseAGuestCheckout(CheckoutSteps.java:101)
	at âœ½.the user select to use a guest checkout(file:///C:/Opencart/src/test/resources/checkout.feature:47)
&amp#27;[0m
  &amp#27;[36mAnd &amp#27;[0m&amp#27;[36mthe user introduces his info &amp#27;[0m&amp#27;[36m&amp#27;[1m"Roberto"&amp#27;[0m&amp#27;[36m &amp#27;[0m&amp#27;[36m&amp#27;[1m"Teresa"&amp#27;[0m&amp#27;[36m &amp#27;[0m&amp#27;[36m&amp#27;[1m"rbttm1999@gmail.com"&amp#27;[0m&amp#27;[36m &amp#27;[0m&amp#27;[36m&amp#27;[1m"1234"&amp#27;[0m&amp#27;[36m &amp#27;[0m&amp#27;[36m&amp#27;[1m"Calle falsa 123"&amp#27;[0m&amp#27;[36m &amp#27;[0m&amp#27;[36m&amp#27;[1m"Valladolid"&amp#27;[0m&amp#27;[36m &amp#27;[0m&amp#27;[36m&amp#27;[1m"Spain"&amp#27;[0m&amp#27;[36m &amp#27;[0m&amp#27;[36m&amp#27;[1m"Valladolid"&amp#27;[0m&amp#27;[36m for the new billing address&amp#27;[0m &amp#27;[90m# com.hiberusuniversity.openCart.stepdefs.CheckoutSteps.theUserIntroducesHisInfoForTheNewBillingAddress(java.lang.String,java.lang.String,java.lang.String,java.lang.String,java.lang.String,java.lang.String,java.lang.String,java.lang.String)&amp#27;[0m
  &amp#27;[36mAnd &amp#27;[0m&amp#27;[36mthe user select the delivery method&amp#27;[0m                                                                                                                          &amp#27;[90m# com.hiberusuniversity.openCart.stepdefs.CheckoutSteps.theUserSelectTheDeliveryMethod()&amp#27;[0m
  &amp#27;[36mAnd &amp#27;[0m&amp#27;[36mthe user select the payment method&amp#27;[0m                                                                                                                           &amp#27;[90m# com.hiberusuniversity.openCart.stepdefs.CheckoutSteps.theUserSelectThePaymentMethod()&amp#27;[0m
  &amp#27;[36mWhen &amp#27;[0m&amp#27;[36mthe user confirms the order&amp#27;[0m                                                                                                                                 &amp#27;[90m# com.hiberusuniversity.openCart.stepdefs.CheckoutSteps.theUserConfirmsTheOrder()&amp#27;[0m
  &amp#27;[36mThen &amp#27;[0m&amp#27;[36mThe user get redirected to a page with a message that his order was successful &amp#27;[0m&amp#27;[36m&amp#27;[1m"http://opencart.abstracta.us/index.php?route=checkout/success"&amp#27;[0m              &amp#27;[90m# com.hiberusuniversity.openCart.stepdefs.CheckoutSteps.theUserGetRedirectedToAPageWithAMessageThatHisOrderWasSuccessful(java.lang.String)&amp#27;[0m

    Embedding screenshot_1]]></system-out>
    <system-err><![CDATA[[main] INFO com.hiberusuniversity.openCart.support.Hooks - starting the user buys two products as a guest
[main] INFO io.github.bonigarcia.wdm.WebDriverManager - Reading https://api.github.com/repos/mozilla/geckodriver/releases to seek geckodriver
[main] INFO io.github.bonigarcia.wdm.WebDriverManager - Exporting webdriver.gecko.driver as C:\Users\pue\.cache\selenium\geckodriver\win32\0.31.0\geckodriver.exe
1654710093238	geckodriver	INFO	Listening on 127.0.0.1:20126
1654710093750	mozrunner::runner	INFO	Running command: "C:\\Program Files\\Mozilla Firefox\\firefox.exe" "--marionette" "-no-remote" "-profile" "C:\\Users\\pue\\AppData\\Local\\Temp\\rust_mozprofilecX4iJa"
1654710094337	Marionette	INFO	Marionette enabled
console.warn: SearchSettings: "get: No settings file exists, new profile?" (new NotFoundError("Could not open the file at C:\\Users\\pue\\AppData\\Local\\Temp\\rust_mozprofilecX4iJa\\search.json.mozlz4", (void 0)))
1654710096180	Marionette	INFO	Listening on port 53640
Read port: 53640
1654710096326	RemoteAgent	WARN	TLS certificate errors will be ignored for this session
jun 08, 2022 7:41:36 PM org.openqa.selenium.remote.ProtocolHandshake createSession
INFORMACIÓN: Detected dialect: W3C
[main] INFO com.hiberusuniversity.openCart.stepdefs.CartSteps - The user is on the login page
1654710099996	Marionette	WARN	TimedPromise timed out after 500 ms: stacktrace:
TimedPromise/<@chrome://remote/content/marionette/sync.js:235:19
TimedPromise@chrome://remote/content/marionette/sync.js:220:10
interaction.flushEventLoop@chrome://remote/content/marionette/interaction.js:431:10
webdriverClickElement@chrome://remote/content/marionette/interaction.js:179:31
[main] INFO com.hiberusuniversity.openCart.support.Hooks - ending the user buys two products as a guest
1654710101602	Marionette	INFO	Stopped listening on port 53640

###!!! [Parent][PImageBridgeParent] Error: RunMessage(msgname=PImageBridge::Msg_WillClose) Channel closing: too late to send/recv, messages will be lost

]]></system-err>
  </testcase>
  <testcase name="the user logs into the page" classname="login test suite" time="9.229"/>
  <testcase name="the user failed to log into the page" classname="login test suite" time="9.359"/>
  <testcase name="the user is redirected to the register from te login" classname="login test suite" time="8.347"/>
  <testcase name="the user is redirected to the register from te login using the lateral menu" classname="login test suite" time="8.201"/>
  <testcase name="the user is redirected to the password recovery page using the section under the login" classname="login test suite" time="8.171"/>
  <testcase name="the user registers into the page" classname="register test suite" time="14.016"/>
  <testcase name="the user registers into the page with already used email" classname="register test suite" time="13.031"/>
  <testcase name="the user cant register because he left the email field empty" classname="register test suite" time="13.016"/>
  <testcase name="the user cant register because he left the privacy policy uncheck" classname="register test suite" time="12.515"/>
</testsuite>